<?xml version="1.0" encoding="UTF-8"?>
<!-- Generated by org.testng.reporters.JUnitXMLReporter -->
<testsuite hostname="W1552540" ignored="1" name="Test" tests="5" failures="0" timestamp="09 Dec 2017 06:27:33 GMT" time="0.08" errors="0">
  <testcase name="login" time="0.02" classname="abcd.Test3"/>
  <testcase name="advancedSearch" time="0.004" classname="abcd.Test3"/>
  <testcase name="billPayment" time="0.0" classname="abcd.Test3"/>
  <testcase name="prepaidRecharge" time="0.0" classname="abcd.Test3"/>
  <testcase name="logout" time="0.004" classname="abcd.Test3"/>
  <testcase name="search" time="0.0" classname="abcd.Test3">
    <ignored/>
  </testcase> <!-- search -->
</testsuite> <!-- Test -->
